[12.5.2001  10:35:33  channel=debug] Programm beginnt
[12.5.2001  10:35:35  channel=debug] jcurses.widgets.Label---getAbsoluteX: 13
[12.5.2001  10:35:35  channel=debug] jcurses.widgets.Label---getAbsoluteY: 9:5:1.015
[12.5.2001  10:35:35  channel=debug] label.rectangle: java.awt.Rectangle[x=13,y=15,width=13,height=1]
[12.5.2001  10:38:40  channel=debug] Programm beginnt
[12.5.2001  10:38:40  channel=debug] jcurses.widgets.Label---getAbsoluteX: 13
[12.5.2001  10:38:40  channel=debug] jcurses.widgets.Label---getAbsoluteY: 9:5:1.015
[12.5.2001  10:38:40  channel=debug] label.rectangle: java.awt.Rectangle[x=13,y=15,width=13,height=1]
[12.5.2001  10:43:40  channel=debug] Programm beginnt
[12.5.2001  10:43:40  channel=debug] jcurses.widgets.Label---getAbsoluteX: 9
[12.5.2001  10:43:40  channel=debug] jcurses.widgets.Label---getAbsoluteY: 19:5:1.025
[12.5.2001  10:43:40  channel=debug] label.rectangle: java.awt.Rectangle[x=9,y=25,width=13,height=1]
[12.5.2001  10:43:53  channel=debug] Programm beginnt
[12.5.2001  10:43:53  channel=debug] jcurses.widgets.Label---getAbsoluteX: 9
[12.5.2001  10:43:53  channel=debug] jcurses.widgets.Label---getAbsoluteY: 19:5:1.025
[12.5.2001  10:43:53  channel=debug] label.rectangle: java.awt.Rectangle[x=9,y=25,width=13,height=1]
[12.5.2001  10:47:26  channel=debug] Programm beginnt
[12.5.2001  10:47:26  channel=debug] jcurses.widgets.Label---getAbsoluteX: 8
[12.5.2001  10:47:26  channel=debug] jcurses.widgets.Label---getAbsoluteY: 18:5:1.024
[12.5.2001  10:47:26  channel=debug] label.rectangle: java.awt.Rectangle[x=8,y=24,width=13,height=1]
[12.5.2001  10:47:52  channel=debug] Programm beginnt
[12.5.2001  10:47:52  channel=debug] jcurses.widgets.Label---getAbsoluteX: 6
[12.5.2001  10:47:52  channel=debug] jcurses.widgets.Label---getAbsoluteY: 18:5:1.024
[12.5.2001  10:47:52  channel=debug] label.rectangle: java.awt.Rectangle[x=6,y=24,width=20,height=1]
[12.5.2001  10:49:48  channel=debug] Programm beginnt
[12.5.2001  10:49:48  channel=debug] jcurses.widgets.Label---getAbsoluteX: 6
[12.5.2001  10:49:48  channel=debug] jcurses.widgets.Label---getAbsoluteY: 18:5:1.024
[12.5.2001  10:49:49  channel=debug] label.rectangle: java.awt.Rectangle[x=6,y=24,width=20,height=1]
[26.7.2001  10:48:5  channel=debug] Programm beginnt
[26.7.2001  10:48:5  channel=debug] XXXXXXXXXXXXXXXXXXXXXXXXgetAlignedCoordinate: 8:12:0:0:2
[26.7.2001  10:48:5  channel=debug] XXXXXXXXXXXXXXXXXXXXXXXXgetAlignedCoordinate: 1:7:0:0:3
[26.7.2001  10:48:5  channel=debug] XXXXXXXXXXXXXXXXXXXXXXXXgetAlignedCoordinate: 6:12:0:0:3
[26.7.2001  10:48:5  channel=debug] XXXXXXXXXXXXXXXXXXXXXXXXgetAlignedCoordinate: 1:3:13:0:14
[26.7.2001  10:48:5  channel=debug] XXXXXXXXXXXXXXXXXXXXXXXXgetAlignedCoordinate: 10:12:12:0:13
[26.7.2001  10:48:5  channel=debug] XXXXXXXXXXXXXXXXXXXXXXXXgetAlignedCoordinate: 1:3:13:0:14
[26.7.2001  10:48:5  channel=debug] label.rectangle: 48:18:8:1
[26.7.2001  10:48:5  channel=debug] make window visible: null
[26.7.2001  10:48:5  channel=debug] window activate
[26.7.2001  10:48:5  channel=debug] window event: 2
[26.7.2001  10:49:23  channel=debug] Programm beginnt
[26.7.2001  10:49:23  channel=debug] XXXXXXXXXXXXXXXXXXXXXXXXgetAlignedCoordinate: 8:12:0:0:2
[26.7.2001  10:49:23  channel=debug] XXXXXXXXXXXXXXXXXXXXXXXXgetAlignedCoordinate: 1:7:0:0:3
[26.7.2001  10:49:23  channel=debug] XXXXXXXXXXXXXXXXXXXXXXXXgetAlignedCoordinate: 6:12:0:0:3
[26.7.2001  10:49:23  channel=debug] XXXXXXXXXXXXXXXXXXXXXXXXgetAlignedCoordinate: 1:3:13:0:14
[26.7.2001  10:49:23  channel=debug] XXXXXXXXXXXXXXXXXXXXXXXXgetAlignedCoordinate: 10:12:12:0:13
[26.7.2001  10:49:23  channel=debug] XXXXXXXXXXXXXXXXXXXXXXXXgetAlignedCoordinate: 1:3:13:0:14
[26.7.2001  10:49:23  channel=debug] label.rectangle: 48:18:8:1
[26.7.2001  10:49:23  channel=debug] make window visible: null
[26.7.2001  10:49:23  channel=debug] window activate
[26.7.2001  10:49:23  channel=debug] window event: 2
[26.7.2001  10:49:56  channel=debug] XXXXXX1
[26.7.2001  10:49:56  channel=debug] XXXXXXXXXXXXMessage.getHeight: 1
[26.7.2001  10:49:56  channel=debug] XXXXXXXXXXXXMessage.getHeight: 1
[26.7.2001  10:49:56  channel=debug] XXXXXXXXXXXXMessage.getHeight: 1
[26.7.2001  10:49:56  channel=debug] XXXXXXXXXXXXXXXXXXXXXXXXgetAlignedCoordinate: 4:10:0:0:3
[26.7.2001  10:49:56  channel=debug] XXXXXXXXXXXXXXXXXXXXXXXXgetAlignedCoordinate: 1:3:0:0:1
[26.7.2001  10:49:56  channel=debug] XXXXXXXXXXXXXXXXXXXXXXXXgetAlignedCoordinate: 6:10:0:0:2
[26.7.2001  10:49:56  channel=debug] XXXXXXXXXXXXXXXXXXXXXXXXgetAlignedCoordinate: 1:5:3:0:5
[26.7.2001  10:49:56  channel=debug] label.rectangle: 56:21:4:1
[26.7.2001  10:49:56  channel=debug] make window visible: jcurses.tests.Test@57818dbe
[26.7.2001  10:49:56  channel=debug] old top: jcurses.tests.Test@57818dbe
[26.7.2001  10:49:56  channel=debug] window deactivate
[26.7.2001  10:49:56  channel=debug] window event: 3
[26.7.2001  10:49:56  channel=debug] window activate
[26.7.2001  10:49:57  channel=debug] window activate
[26.7.2001  10:49:57  channel=debug] window event: 2
[26.7.2001  10:49:57  channel=debug] XXXXXX2
[26.7.2001  10:49:59  channel=debug] -----------------
[26.7.2001  10:49:59  channel=debug] XXXXXXXXXXXXMessage.getHeight: 1
[26.7.2001  10:49:59  channel=debug] XXXXXXXXXXXXMessage.getHeight: 1
[26.7.2001  10:49:59  channel=debug] XXXXXXXXXXXXMessage.getHeight: 1
[26.7.2001  10:49:59  channel=debug] XXXXXXXXXXXXXXXXXXXXXXXXgetAlignedCoordinate: 7:9:0:0:1
[26.7.2001  10:49:59  channel=debug] XXXXXXXXXXXXXXXXXXXXXXXXgetAlignedCoordinate: 1:3:0:0:1
[26.7.2001  10:49:59  channel=debug] XXXXXXXXXXXXXXXXXXXXXXXXgetAlignedCoordinate: 6:9:0:0:1
[26.7.2001  10:49:59  channel=debug] XXXXXXXXXXXXXXXXXXXXXXXXgetAlignedCoordinate: 1:5:3:0:5
[26.7.2001  10:49:59  channel=debug] label.rectangle: 54:21:7:1
[26.7.2001  10:49:59  channel=debug] make window visible: jcurses.tests.Test@57818dbe
[26.7.2001  10:49:59  channel=debug] old top: jcurses.tests.Test@57818dbe
[26.7.2001  10:49:59  channel=debug] window deactivate
[26.7.2001  10:49:59  channel=debug] window event: 3
[26.7.2001  10:49:59  channel=debug] window activate
[26.7.2001  10:50:0  channel=debug] window activate
[26.7.2001  10:50:0  channel=debug] window event: 2
[26.7.2001  10:50:3  channel=debug] -----------------
[26.7.2001  10:50:3  channel=debug] XXXXXXXXXXXXMessage.getHeight: 1
[26.7.2001  10:50:3  channel=debug] XXXXXXXXXXXXMessage.getHeight: 1
[26.7.2001  10:50:3  channel=debug] XXXXXXXXXXXXMessage.getHeight: 1
[26.7.2001  10:50:3  channel=debug] XXXXXXXXXXXXXXXXXXXXXXXXgetAlignedCoordinate: 7:9:0:0:1
[26.7.2001  10:50:3  channel=debug] XXXXXXXXXXXXXXXXXXXXXXXXgetAlignedCoordinate: 1:3:0:0:1
[26.7.2001  10:50:3  channel=debug] XXXXXXXXXXXXXXXXXXXXXXXXgetAlignedCoordinate: 6:9:0:0:1
[26.7.2001  10:50:3  channel=debug] XXXXXXXXXXXXXXXXXXXXXXXXgetAlignedCoordinate: 1:5:3:0:5
[26.7.2001  10:50:3  channel=debug] label.rectangle: 54:21:7:1
[26.7.2001  10:50:3  channel=debug] make window visible: jcurses.tests.Test@57818dbe
[26.7.2001  10:50:3  channel=debug] old top: jcurses.tests.Test@57818dbe
[26.7.2001  10:50:3  channel=debug] window deactivate
[26.7.2001  10:50:3  channel=debug] window event: 3
[26.7.2001  10:50:3  channel=debug] window activate
[26.7.2001  10:50:4  channel=debug] window activate
[26.7.2001  10:50:4  channel=debug] window event: 2
[26.7.2001  10:50:4  channel=debug] -----------------
[26.7.2001  10:50:4  channel=debug] XXXXXXXXXXXXMessage.getHeight: 1
[26.7.2001  10:50:4  channel=debug] XXXXXXXXXXXXMessage.getHeight: 1
[26.7.2001  10:50:4  channel=debug] XXXXXXXXXXXXMessage.getHeight: 1
[26.7.2001  10:50:4  channel=debug] XXXXXXXXXXXXXXXXXXXXXXXXgetAlignedCoordinate: 7:9:0:0:1
[26.7.2001  10:50:4  channel=debug] XXXXXXXXXXXXXXXXXXXXXXXXgetAlignedCoordinate: 1:3:0:0:1
[26.7.2001  10:50:4  channel=debug] XXXXXXXXXXXXXXXXXXXXXXXXgetAlignedCoordinate: 6:9:0:0:1
[26.7.2001  10:50:4  channel=debug] XXXXXXXXXXXXXXXXXXXXXXXXgetAlignedCoordinate: 1:5:3:0:5
[26.7.2001  10:50:4  channel=debug] label.rectangle: 54:21:7:1
[26.7.2001  10:50:4  channel=debug] make window visible: jcurses.tests.Test@57818dbe
[26.7.2001  10:50:4  channel=debug] old top: jcurses.tests.Test@57818dbe
[26.7.2001  10:50:4  channel=debug] window deactivate
[26.7.2001  10:50:4  channel=debug] window event: 3
[26.7.2001  10:50:4  channel=debug] window activate
[26.7.2001  10:50:5  channel=debug] window activate
[26.7.2001  10:50:5  channel=debug] window event: 2
[26.7.2001  10:50:6  channel=debug] -----------------
[26.7.2001  10:50:6  channel=debug] XXXXXXXXXXXXMessage.getHeight: 1
[26.7.2001  10:50:6  channel=debug] XXXXXXXXXXXXMessage.getHeight: 1
[26.7.2001  10:50:6  channel=debug] XXXXXXXXXXXXMessage.getHeight: 1
[26.7.2001  10:50:6  channel=debug] XXXXXXXXXXXXXXXXXXXXXXXXgetAlignedCoordinate: 7:9:0:0:1
[26.7.2001  10:50:6  channel=debug] XXXXXXXXXXXXXXXXXXXXXXXXgetAlignedCoordinate: 1:3:0:0:1
[26.7.2001  10:50:6  channel=debug] XXXXXXXXXXXXXXXXXXXXXXXXgetAlignedCoordinate: 6:9:0:0:1
[26.7.2001  10:50:6  channel=debug] XXXXXXXXXXXXXXXXXXXXXXXXgetAlignedCoordinate: 1:5:3:0:5
[26.7.2001  10:50:6  channel=debug] label.rectangle: 54:21:7:1
[26.7.2001  10:50:6  channel=debug] make window visible: jcurses.tests.Test@57818dbe
[26.7.2001  10:50:6  channel=debug] old top: jcurses.tests.Test@57818dbe
[26.7.2001  10:50:6  channel=debug] window deactivate
[26.7.2001  10:50:6  channel=debug] window event: 3
[26.7.2001  10:50:6  channel=debug] window activate
[26.7.2001  10:50:7  channel=debug] window activate
[26.7.2001  10:50:7  channel=debug] window event: 2
[26.7.2001  10:50:8  channel=debug] -----------------
[26.7.2001  10:50:8  channel=debug] XXXXXXXXXXXXMessage.getHeight: 1
[26.7.2001  10:50:8  channel=debug] XXXXXXXXXXXXMessage.getHeight: 1
[26.7.2001  10:50:8  channel=debug] XXXXXXXXXXXXMessage.getHeight: 1
[26.7.2001  10:50:8  channel=debug] XXXXXXXXXXXXXXXXXXXXXXXXgetAlignedCoordinate: 7:9:0:0:1
[26.7.2001  10:50:8  channel=debug] XXXXXXXXXXXXXXXXXXXXXXXXgetAlignedCoordinate: 1:3:0:0:1
[26.7.2001  10:50:8  channel=debug] XXXXXXXXXXXXXXXXXXXXXXXXgetAlignedCoordinate: 6:9:0:0:1
[26.7.2001  10:50:8  channel=debug] XXXXXXXXXXXXXXXXXXXXXXXXgetAlignedCoordinate: 1:5:3:0:5
[26.7.2001  10:50:8  channel=debug] label.rectangle: 54:21:7:1
[26.7.2001  10:50:8  channel=debug] make window visible: jcurses.tests.Test@57818dbe
[26.7.2001  10:50:8  channel=debug] old top: jcurses.tests.Test@57818dbe
[26.7.2001  10:50:8  channel=debug] window deactivate
[26.7.2001  10:50:8  channel=debug] window event: 3
[26.7.2001  10:50:8  channel=debug] window activate
[26.7.2001  10:50:12  channel=debug] window activate
[26.7.2001  10:50:12  channel=debug] window event: 2
[26.7.2001  10:50:13  channel=debug] -----------------
[26.7.2001  10:50:13  channel=debug] XXXXXXXXXXXXMessage.getHeight: 1
[26.7.2001  10:50:13  channel=debug] XXXXXXXXXXXXMessage.getHeight: 1
[26.7.2001  10:50:13  channel=debug] XXXXXXXXXXXXMessage.getHeight: 1
[26.7.2001  10:50:13  channel=debug] XXXXXXXXXXXXXXXXXXXXXXXXgetAlignedCoordinate: 7:9:0:0:1
[26.7.2001  10:50:13  channel=debug] XXXXXXXXXXXXXXXXXXXXXXXXgetAlignedCoordinate: 1:3:0:0:1
[26.7.2001  10:50:13  channel=debug] XXXXXXXXXXXXXXXXXXXXXXXXgetAlignedCoordinate: 6:9:0:0:1
[26.7.2001  10:50:13  channel=debug] XXXXXXXXXXXXXXXXXXXXXXXXgetAlignedCoordinate: 1:5:3:0:5
[26.7.2001  10:50:13  channel=debug] label.rectangle: 54:21:7:1
[26.7.2001  10:50:13  channel=debug] make window visible: jcurses.tests.Test@57818dbe
[26.7.2001  10:50:13  channel=debug] old top: jcurses.tests.Test@57818dbe
[26.7.2001  10:50:13  channel=debug] window deactivate
[26.7.2001  10:50:13  channel=debug] window event: 3
[26.7.2001  10:50:13  channel=debug] window activate
[26.7.2001  10:50:16  channel=debug] window activate
[26.7.2001  10:50:16  channel=debug] window event: 2
[26.7.2001  10:50:21  channel=debug] -----------------
[26.7.2001  10:50:21  channel=debug] XXXXXXXXXXXXMessage.getHeight: 1
[26.7.2001  10:50:21  channel=debug] XXXXXXXXXXXXMessage.getHeight: 1
[26.7.2001  10:50:21  channel=debug] XXXXXXXXXXXXMessage.getHeight: 1
[26.7.2001  10:50:21  channel=debug] XXXXXXXXXXXXXXXXXXXXXXXXgetAlignedCoordinate: 7:9:0:0:1
[26.7.2001  10:50:21  channel=debug] XXXXXXXXXXXXXXXXXXXXXXXXgetAlignedCoordinate: 1:3:0:0:1
[26.7.2001  10:50:21  channel=debug] XXXXXXXXXXXXXXXXXXXXXXXXgetAlignedCoordinate: 6:9:0:0:1
[26.7.2001  10:50:21  channel=debug] XXXXXXXXXXXXXXXXXXXXXXXXgetAlignedCoordinate: 1:5:3:0:5
[26.7.2001  10:50:21  channel=debug] label.rectangle: 54:21:7:1
[26.7.2001  10:50:21  channel=debug] make window visible: jcurses.tests.Test@57818dbe
[26.7.2001  10:50:21  channel=debug] old top: jcurses.tests.Test@57818dbe
[26.7.2001  10:50:21  channel=debug] window deactivate
[26.7.2001  10:50:21  channel=debug] window event: 3
[26.7.2001  10:50:21  channel=debug] window activate
[26.7.2001  10:50:23  channel=debug] window activate
[26.7.2001  10:50:23  channel=debug] window event: 2
[26.7.2001  10:50:23  channel=debug] -----------------
[26.7.2001  10:50:23  channel=debug] XXXXXXXXXXXXMessage.getHeight: 1
[26.7.2001  10:50:23  channel=debug] XXXXXXXXXXXXMessage.getHeight: 1
[26.7.2001  10:50:23  channel=debug] XXXXXXXXXXXXMessage.getHeight: 1
[26.7.2001  10:50:23  channel=debug] XXXXXXXXXXXXXXXXXXXXXXXXgetAlignedCoordinate: 7:9:0:0:1
[26.7.2001  10:50:23  channel=debug] XXXXXXXXXXXXXXXXXXXXXXXXgetAlignedCoordinate: 1:3:0:0:1
[26.7.2001  10:50:23  channel=debug] XXXXXXXXXXXXXXXXXXXXXXXXgetAlignedCoordinate: 6:9:0:0:1
[26.7.2001  10:50:23  channel=debug] XXXXXXXXXXXXXXXXXXXXXXXXgetAlignedCoordinate: 1:5:3:0:5
[26.7.2001  10:50:23  channel=debug] label.rectangle: 54:21:7:1
[26.7.2001  10:50:23  channel=debug] make window visible: jcurses.tests.Test@57818dbe
[26.7.2001  10:50:23  channel=debug] old top: jcurses.tests.Test@57818dbe
[26.7.2001  10:50:23  channel=debug] window deactivate
[26.7.2001  10:50:23  channel=debug] window event: 3
[26.7.2001  10:50:23  channel=debug] window activate
[26.7.2001  10:50:24  channel=debug] window activate
[26.7.2001  10:50:24  channel=debug] window event: 2
[26.7.2001  10:50:24  channel=debug] -----------------
[26.7.2001  10:50:24  channel=debug] XXXXXXXXXXXXMessage.getHeight: 1
[26.7.2001  10:50:24  channel=debug] XXXXXXXXXXXXMessage.getHeight: 1
[26.7.2001  10:50:24  channel=debug] XXXXXXXXXXXXMessage.getHeight: 1
[26.7.2001  10:50:24  channel=debug] XXXXXXXXXXXXXXXXXXXXXXXXgetAlignedCoordinate: 7:9:0:0:1
[26.7.2001  10:50:24  channel=debug] XXXXXXXXXXXXXXXXXXXXXXXXgetAlignedCoordinate: 1:3:0:0:1
[26.7.2001  10:50:24  channel=debug] XXXXXXXXXXXXXXXXXXXXXXXXgetAlignedCoordinate: 6:9:0:0:1
[26.7.2001  10:50:24  channel=debug] XXXXXXXXXXXXXXXXXXXXXXXXgetAlignedCoordinate: 1:5:3:0:5
[26.7.2001  10:50:24  channel=debug] label.rectangle: 54:21:7:1
[26.7.2001  10:50:24  channel=debug] make window visible: jcurses.tests.Test@57818dbe
[26.7.2001  10:50:24  channel=debug] old top: jcurses.tests.Test@57818dbe
[26.7.2001  10:50:24  channel=debug] window deactivate
[26.7.2001  10:50:24  channel=debug] window event: 3
[26.7.2001  10:50:24  channel=debug] window activate
[26.7.2001  10:50:24  channel=debug] window activate
[26.7.2001  10:50:24  channel=debug] window event: 2
[26.7.2001  10:50:24  channel=debug] -----------------
[26.7.2001  10:50:24  channel=debug] XXXXXXXXXXXXMessage.getHeight: 1
[26.7.2001  10:50:24  channel=debug] XXXXXXXXXXXXMessage.getHeight: 1
[26.7.2001  10:50:24  channel=debug] XXXXXXXXXXXXMessage.getHeight: 1
[26.7.2001  10:50:24  channel=debug] XXXXXXXXXXXXXXXXXXXXXXXXgetAlignedCoordinate: 7:9:0:0:1
[26.7.2001  10:50:24  channel=debug] XXXXXXXXXXXXXXXXXXXXXXXXgetAlignedCoordinate: 1:3:0:0:1
[26.7.2001  10:50:24  channel=debug] XXXXXXXXXXXXXXXXXXXXXXXXgetAlignedCoordinate: 6:9:0:0:1
[26.7.2001  10:50:24  channel=debug] XXXXXXXXXXXXXXXXXXXXXXXXgetAlignedCoordinate: 1:5:3:0:5
[26.7.2001  10:50:24  channel=debug] label.rectangle: 54:21:7:1
[26.7.2001  10:50:24  channel=debug] make window visible: jcurses.tests.Test@57818dbe
[26.7.2001  10:50:24  channel=debug] old top: jcurses.tests.Test@57818dbe
[26.7.2001  10:50:24  channel=debug] window deactivate
[26.7.2001  10:50:24  channel=debug] window event: 3
[26.7.2001  10:50:24  channel=debug] window activate
[26.7.2001  10:50:26  channel=debug] window activate
[26.7.2001  10:50:26  channel=debug] window event: 2
[26.7.2001  10:50:28  channel=debug] -----------------
[26.7.2001  10:50:28  channel=debug] XXXXXXXXXXXXMessage.getHeight: 1
[26.7.2001  10:50:28  channel=debug] XXXXXXXXXXXXMessage.getHeight: 1
[26.7.2001  10:50:28  channel=debug] XXXXXXXXXXXXMessage.getHeight: 1
[26.7.2001  10:50:28  channel=debug] XXXXXXXXXXXXXXXXXXXXXXXXgetAlignedCoordinate: 7:9:0:0:1
[26.7.2001  10:50:28  channel=debug] XXXXXXXXXXXXXXXXXXXXXXXXgetAlignedCoordinate: 1:3:0:0:1
[26.7.2001  10:50:28  channel=debug] XXXXXXXXXXXXXXXXXXXXXXXXgetAlignedCoordinate: 6:9:0:0:1
[26.7.2001  10:50:28  channel=debug] XXXXXXXXXXXXXXXXXXXXXXXXgetAlignedCoordinate: 1:5:3:0:5
[26.7.2001  10:50:28  channel=debug] label.rectangle: 54:21:7:1
[26.7.2001  10:50:28  channel=debug] make window visible: jcurses.tests.Test@57818dbe
[26.7.2001  10:50:28  channel=debug] old top: jcurses.tests.Test@57818dbe
[26.7.2001  10:50:28  channel=debug] window deactivate
[26.7.2001  10:50:28  channel=debug] window event: 3
[26.7.2001  10:50:28  channel=debug] window activate
[26.7.2001  10:50:33  channel=debug] window activate
[26.7.2001  10:50:33  channel=debug] window event: 2
[26.7.2001  10:50:33  channel=debug] -----------------
[26.7.2001  10:50:33  channel=debug] XXXXXXXXXXXXMessage.getHeight: 1
[26.7.2001  10:50:33  channel=debug] XXXXXXXXXXXXMessage.getHeight: 1
[26.7.2001  10:50:33  channel=debug] XXXXXXXXXXXXMessage.getHeight: 1
[26.7.2001  10:50:33  channel=debug] XXXXXXXXXXXXXXXXXXXXXXXXgetAlignedCoordinate: 7:9:0:0:1
[26.7.2001  10:50:33  channel=debug] XXXXXXXXXXXXXXXXXXXXXXXXgetAlignedCoordinate: 1:3:0:0:1
[26.7.2001  10:50:33  channel=debug] XXXXXXXXXXXXXXXXXXXXXXXXgetAlignedCoordinate: 6:9:0:0:1
[26.7.2001  10:50:33  channel=debug] XXXXXXXXXXXXXXXXXXXXXXXXgetAlignedCoordinate: 1:5:3:0:5
[26.7.2001  10:50:33  channel=debug] label.rectangle: 54:21:7:1
[26.7.2001  10:50:33  channel=debug] make window visible: jcurses.tests.Test@57818dbe
[26.7.2001  10:50:33  channel=debug] old top: jcurses.tests.Test@57818dbe
[26.7.2001  10:50:33  channel=debug] window deactivate
[26.7.2001  10:50:33  channel=debug] window event: 3
[26.7.2001  10:50:33  channel=debug] window activate
[26.7.2001  10:50:34  channel=debug] window activate
[26.7.2001  10:50:34  channel=debug] window event: 2
[26.7.2001  10:50:34  channel=debug] -----------------
[26.7.2001  10:50:34  channel=debug] XXXXXXXXXXXXMessage.getHeight: 1
[26.7.2001  10:50:34  channel=debug] XXXXXXXXXXXXMessage.getHeight: 1
[26.7.2001  10:50:34  channel=debug] XXXXXXXXXXXXMessage.getHeight: 1
[26.7.2001  10:50:34  channel=debug] XXXXXXXXXXXXXXXXXXXXXXXXgetAlignedCoordinate: 27:29:0:0:1
[26.7.2001  10:50:34  channel=debug] XXXXXXXXXXXXXXXXXXXXXXXXgetAlignedCoordinate: 1:3:0:0:1
[26.7.2001  10:50:34  channel=debug] XXXXXXXXXXXXXXXXXXXXXXXXgetAlignedCoordinate: 6:29:0:0:11
[26.7.2001  10:50:34  channel=debug] XXXXXXXXXXXXXXXXXXXXXXXXgetAlignedCoordinate: 1:5:3:0:5
[26.7.2001  10:50:34  channel=debug] label.rectangle: 44:21:27:1
[26.7.2001  10:50:34  channel=debug] make window visible: jcurses.tests.Test@57818dbe
[26.7.2001  10:50:34  channel=debug] old top: jcurses.tests.Test@57818dbe
[26.7.2001  10:50:34  channel=debug] window deactivate
[26.7.2001  10:50:34  channel=debug] window event: 3
[26.7.2001  10:50:34  channel=debug] window activate
[26.7.2001  10:50:36  channel=debug] window activate
[26.7.2001  10:50:36  channel=debug] window event: 2
[26.7.2001  10:50:43  channel=debug] XXXXXXXXXXXXMessage.getHeight: 4
[26.7.2001  10:50:43  channel=debug] XXXXXXXXXXXXMessage.getHeight: 4
[26.7.2001  10:50:43  channel=debug] XXXXXXXXXXXXMessage.getHeight: 4
[26.7.2001  10:50:43  channel=debug] XXXXXXXXXXXXXXXXXXXXXXXXgetAlignedCoordinate: 11:13:0:0:1
[26.7.2001  10:50:43  channel=debug] XXXXXXXXXXXXXXXXXXXXXXXXgetAlignedCoordinate: 4:6:0:0:1
[26.7.2001  10:50:43  channel=debug] XXXXXXXXXXXXXXXXXXXXXXXXgetAlignedCoordinate: 10:13:0:0:1
[26.7.2001  10:50:43  channel=debug] XXXXXXXXXXXXXXXXXXXXXXXXgetAlignedCoordinate: 1:5:6:0:8
[26.7.2001  10:50:43  channel=debug] label.rectangle: 52:20:11:4
[26.7.2001  10:50:43  channel=debug] make window visible: jcurses.tests.Test@57818dbe
[26.7.2001  10:50:43  channel=debug] old top: jcurses.tests.Test@57818dbe
[26.7.2001  10:50:43  channel=debug] window deactivate
[26.7.2001  10:50:43  channel=debug] window event: 3
[26.7.2001  10:50:43  channel=debug] window activate
[26.7.2001  10:50:43  channel=debug] label.rectangle: 48:18:8:1
[26.7.2001  10:50:43  channel=debug] window activate
[26.7.2001  10:50:43  channel=debug] window event: 2
[26.7.2001  10:50:44  channel=debug] XXXXXXXXXXXXMessage.getHeight: 4
[26.7.2001  10:50:44  channel=debug] XXXXXXXXXXXXMessage.getHeight: 4
[26.7.2001  10:50:44  channel=debug] XXXXXXXXXXXXMessage.getHeight: 4
[26.7.2001  10:50:44  channel=debug] XXXXXXXXXXXXXXXXXXXXXXXXgetAlignedCoordinate: 11:13:0:0:1
[26.7.2001  10:50:44  channel=debug] XXXXXXXXXXXXXXXXXXXXXXXXgetAlignedCoordinate: 4:6:0:0:1
[26.7.2001  10:50:44  channel=debug] XXXXXXXXXXXXXXXXXXXXXXXXgetAlignedCoordinate: 10:13:0:0:1
[26.7.2001  10:50:44  channel=debug] XXXXXXXXXXXXXXXXXXXXXXXXgetAlignedCoordinate: 1:5:6:0:8
[26.7.2001  10:50:44  channel=debug] label.rectangle: 52:20:11:4
[26.7.2001  10:50:44  channel=debug] make window visible: jcurses.tests.Test@57818dbe
[26.7.2001  10:50:44  channel=debug] old top: jcurses.tests.Test@57818dbe
[26.7.2001  10:50:44  channel=debug] window deactivate
[26.7.2001  10:50:44  channel=debug] window event: 3
[26.7.2001  10:50:44  channel=debug] window activate
[26.7.2001  10:57:25  channel=debug] Programm beginnt
[26.7.2001  10:57:25  channel=debug] XXXXXXXXXXXXXXXXXXXXXXXXgetAlignedCoordinate: 8:12:0:0:2
[26.7.2001  10:57:25  channel=debug] XXXXXXXXXXXXXXXXXXXXXXXXgetAlignedCoordinate: 1:7:0:0:3
[26.7.2001  10:57:25  channel=debug] XXXXXXXXXXXXXXXXXXXXXXXXgetAlignedCoordinate: 6:12:0:0:3
[26.7.2001  10:57:25  channel=debug] XXXXXXXXXXXXXXXXXXXXXXXXgetAlignedCoordinate: 1:3:13:0:14
[26.7.2001  10:57:25  channel=debug] XXXXXXXXXXXXXXXXXXXXXXXXgetAlignedCoordinate: 10:12:12:0:13
[26.7.2001  10:57:25  channel=debug] XXXXXXXXXXXXXXXXXXXXXXXXgetAlignedCoordinate: 1:3:13:0:14
[26.7.2001  10:57:25  channel=debug] label.rectangle: 48:18:8:1
[26.7.2001  10:57:25  channel=debug] make window visible: null
[26.7.2001  10:57:25  channel=debug] window activate
[26.7.2001  10:57:25  channel=debug] window event: 2
[26.7.2001  11:2:12  channel=debug] Programm beginnt
[26.7.2001  11:2:12  channel=debug] XXXXXXXXXXXXXXXXXXXXXXXXgetAlignedCoordinate: 8:12:0:0:2
[26.7.2001  11:2:12  channel=debug] XXXXXXXXXXXXXXXXXXXXXXXXgetAlignedCoordinate: 1:7:0:0:3
[26.7.2001  11:2:12  channel=debug] XXXXXXXXXXXXXXXXXXXXXXXXgetAlignedCoordinate: 6:12:0:0:3
[26.7.2001  11:2:12  channel=debug] XXXXXXXXXXXXXXXXXXXXXXXXgetAlignedCoordinate: 1:3:13:0:14
[26.7.2001  11:2:12  channel=debug] XXXXXXXXXXXXXXXXXXXXXXXXgetAlignedCoordinate: 10:12:12:0:13
[26.7.2001  11:2:12  channel=debug] XXXXXXXXXXXXXXXXXXXXXXXXgetAlignedCoordinate: 1:3:13:0:14
[26.7.2001  11:2:12  channel=debug] label.rectangle: 48:18:8:1
[26.7.2001  11:2:12  channel=debug] make window visible: null
[26.7.2001  11:2:12  channel=debug] window activate
[26.7.2001  11:2:12  channel=debug] window event: 2
[26.7.2001  11:4:57  channel=debug] Programm beginnt
[26.7.2001  11:4:57  channel=debug] XXXXXXXXXXXXXXXXXXXXXXXXgetAlignedCoordinate: 8:12:0:0:2
[26.7.2001  11:4:57  channel=debug] XXXXXXXXXXXXXXXXXXXXXXXXgetAlignedCoordinate: 1:7:0:0:3
[26.7.2001  11:4:57  channel=debug] XXXXXXXXXXXXXXXXXXXXXXXXgetAlignedCoordinate: 6:12:0:0:3
[26.7.2001  11:4:57  channel=debug] XXXXXXXXXXXXXXXXXXXXXXXXgetAlignedCoordinate: 1:3:13:0:14
[26.7.2001  11:4:57  channel=debug] XXXXXXXXXXXXXXXXXXXXXXXXgetAlignedCoordinate: 10:12:12:0:13
[26.7.2001  11:4:57  channel=debug] XXXXXXXXXXXXXXXXXXXXXXXXgetAlignedCoordinate: 1:3:13:0:14
[26.7.2001  11:4:57  channel=debug] label.rectangle: 48:18:8:1
[26.7.2001  11:4:57  channel=debug] make window visible: null
[26.7.2001  11:4:57  channel=debug] window activate
[26.7.2001  11:4:57  channel=debug] window event: 2
[26.7.2001  11:5:5  channel=debug] -----------------
[26.7.2001  11:5:5  channel=debug] XXXXXXXXXXXXMessage.getHeight: 1
[26.7.2001  11:5:5  channel=debug] XXXXXXXXXXXXMessage.getHeight: 1
[26.7.2001  11:5:5  channel=debug] XXXXXXXXXXXXMessage.getHeight: 1
[26.7.2001  11:5:5  channel=debug] XXXXXXXXXXXXXXXXXXXXXXXXgetAlignedCoordinate: 7:9:0:0:1
[26.7.2001  11:5:5  channel=debug] XXXXXXXXXXXXXXXXXXXXXXXXgetAlignedCoordinate: 1:3:0:0:1
[26.7.2001  11:5:5  channel=debug] XXXXXXXXXXXXXXXXXXXXXXXXgetAlignedCoordinate: 6:9:0:0:1
[26.7.2001  11:5:5  channel=debug] XXXXXXXXXXXXXXXXXXXXXXXXgetAlignedCoordinate: 1:5:3:0:5
[26.7.2001  11:5:5  channel=debug] label.rectangle: 54:21:7:1
[26.7.2001  11:5:5  channel=debug] make window visible: jcurses.tests.Test@23798918
[26.7.2001  11:5:5  channel=debug] old top: jcurses.tests.Test@23798918
[26.7.2001  11:5:5  channel=debug] window deactivate
[26.7.2001  11:5:5  channel=debug] window event: 3
[26.7.2001  11:5:5  channel=debug] window activate
[26.7.2001  11:5:5  channel=debug] window activate
[26.7.2001  11:5:5  channel=debug] window event: 2
[26.7.2001  11:5:6  channel=debug] -----------------
[26.7.2001  11:5:6  channel=debug] XXXXXXXXXXXXMessage.getHeight: 1
[26.7.2001  11:5:6  channel=debug] XXXXXXXXXXXXMessage.getHeight: 1
[26.7.2001  11:5:6  channel=debug] XXXXXXXXXXXXMessage.getHeight: 1
[26.7.2001  11:5:6  channel=debug] XXXXXXXXXXXXXXXXXXXXXXXXgetAlignedCoordinate: 7:9:0:0:1
[26.7.2001  11:5:6  channel=debug] XXXXXXXXXXXXXXXXXXXXXXXXgetAlignedCoordinate: 1:3:0:0:1
[26.7.2001  11:5:6  channel=debug] XXXXXXXXXXXXXXXXXXXXXXXXgetAlignedCoordinate: 6:9:0:0:1
[26.7.2001  11:5:6  channel=debug] XXXXXXXXXXXXXXXXXXXXXXXXgetAlignedCoordinate: 1:5:3:0:5
[26.7.2001  11:5:6  channel=debug] label.rectangle: 54:21:7:1
[26.7.2001  11:5:6  channel=debug] make window visible: jcurses.tests.Test@23798918
[26.7.2001  11:5:6  channel=debug] old top: jcurses.tests.Test@23798918
[26.7.2001  11:5:6  channel=debug] window deactivate
[26.7.2001  11:5:6  channel=debug] window event: 3
[26.7.2001  11:5:6  channel=debug] window activate
[26.7.2001  11:5:6  channel=debug] window activate
[26.7.2001  11:5:6  channel=debug] window event: 2
[26.7.2001  11:5:6  channel=debug] -----------------
[26.7.2001  11:5:6  channel=debug] XXXXXXXXXXXXMessage.getHeight: 1
[26.7.2001  11:5:6  channel=debug] XXXXXXXXXXXXMessage.getHeight: 1
[26.7.2001  11:5:6  channel=debug] XXXXXXXXXXXXMessage.getHeight: 1
[26.7.2001  11:5:6  channel=debug] XXXXXXXXXXXXXXXXXXXXXXXXgetAlignedCoordinate: 7:9:0:0:1
[26.7.2001  11:5:6  channel=debug] XXXXXXXXXXXXXXXXXXXXXXXXgetAlignedCoordinate: 1:3:0:0:1
[26.7.2001  11:5:6  channel=debug] XXXXXXXXXXXXXXXXXXXXXXXXgetAlignedCoordinate: 6:9:0:0:1
[26.7.2001  11:5:6  channel=debug] XXXXXXXXXXXXXXXXXXXXXXXXgetAlignedCoordinate: 1:5:3:0:5
[26.7.2001  11:5:6  channel=debug] label.rectangle: 54:21:7:1
[26.7.2001  11:5:6  channel=debug] make window visible: jcurses.tests.Test@23798918
[26.7.2001  11:5:6  channel=debug] old top: jcurses.tests.Test@23798918
[26.7.2001  11:5:6  channel=debug] window deactivate
[26.7.2001  11:5:6  channel=debug] window event: 3
[26.7.2001  11:5:6  channel=debug] window activate
[26.7.2001  11:5:7  channel=debug] window activate
[26.7.2001  11:5:7  channel=debug] window event: 2
[26.7.2001  11:5:15  channel=debug] -----------------
[26.7.2001  11:5:15  channel=debug] XXXXXXXXXXXXMessage.getHeight: 1
[26.7.2001  11:5:15  channel=debug] XXXXXXXXXXXXMessage.getHeight: 1
[26.7.2001  11:5:15  channel=debug] XXXXXXXXXXXXMessage.getHeight: 1
[26.7.2001  11:5:15  channel=debug] XXXXXXXXXXXXXXXXXXXXXXXXgetAlignedCoordinate: 7:9:0:0:1
[26.7.2001  11:5:15  channel=debug] XXXXXXXXXXXXXXXXXXXXXXXXgetAlignedCoordinate: 1:3:0:0:1
[26.7.2001  11:5:15  channel=debug] XXXXXXXXXXXXXXXXXXXXXXXXgetAlignedCoordinate: 6:9:0:0:1
[26.7.2001  11:5:15  channel=debug] XXXXXXXXXXXXXXXXXXXXXXXXgetAlignedCoordinate: 1:5:3:0:5
[26.7.2001  11:5:15  channel=debug] label.rectangle: 54:21:7:1
[26.7.2001  11:5:15  channel=debug] make window visible: jcurses.tests.Test@23798918
[26.7.2001  11:5:15  channel=debug] old top: jcurses.tests.Test@23798918
[26.7.2001  11:5:15  channel=debug] window deactivate
[26.7.2001  11:5:15  channel=debug] window event: 3
[26.7.2001  11:5:15  channel=debug] window activate
[26.7.2001  11:5:16  channel=debug] window activate
[26.7.2001  11:5:16  channel=debug] window event: 2
[26.7.2001  11:5:16  channel=debug] -----------------
[26.7.2001  11:5:16  channel=debug] XXXXXXXXXXXXMessage.getHeight: 1
[26.7.2001  11:5:16  channel=debug] XXXXXXXXXXXXMessage.getHeight: 1
[26.7.2001  11:5:16  channel=debug] XXXXXXXXXXXXMessage.getHeight: 1
[26.7.2001  11:5:16  channel=debug] XXXXXXXXXXXXXXXXXXXXXXXXgetAlignedCoordinate: 7:9:0:0:1
[26.7.2001  11:5:16  channel=debug] XXXXXXXXXXXXXXXXXXXXXXXXgetAlignedCoordinate: 1:3:0:0:1
[26.7.2001  11:5:16  channel=debug] XXXXXXXXXXXXXXXXXXXXXXXXgetAlignedCoordinate: 6:9:0:0:1
[26.7.2001  11:5:16  channel=debug] XXXXXXXXXXXXXXXXXXXXXXXXgetAlignedCoordinate: 1:5:3:0:5
[26.7.2001  11:5:16  channel=debug] label.rectangle: 54:21:7:1
[26.7.2001  11:5:16  channel=debug] make window visible: jcurses.tests.Test@23798918
[26.7.2001  11:5:16  channel=debug] old top: jcurses.tests.Test@23798918
[26.7.2001  11:5:16  channel=debug] window deactivate
[26.7.2001  11:5:16  channel=debug] window event: 3
[26.7.2001  11:5:16  channel=debug] window activate
[26.7.2001  11:5:16  channel=debug] window activate
[26.7.2001  11:5:16  channel=debug] window event: 2
